0 info it worked if it ends with ok
1 verbose cli [ '/usr/local/bin/node', '/usr/local/bin/npm', 'run', 'server' ]
2 info using npm@3.7.2
3 info using node@v4.0.0
4 verbose run-script [ 'preserver', 'server', 'postserver' ]
5 info lifecycle youenn-pennarun-portfolio@0.0.0~preserver: youenn-pennarun-portfolio@0.0.0
6 silly lifecycle youenn-pennarun-portfolio@0.0.0~preserver: no script for preserver, continuing
7 info lifecycle youenn-pennarun-portfolio@0.0.0~server: youenn-pennarun-portfolio@0.0.0
8 verbose lifecycle youenn-pennarun-portfolio@0.0.0~server: unsafe-perm in lifecycle true
9 verbose lifecycle youenn-pennarun-portfolio@0.0.0~server: PATH: /usr/local/lib/node_modules/npm/bin/node-gyp-bin:/home/nolitsou/Documents/dev/portfolio/node_modules/.bin:/usr/local/bin:/usr/local/heroku/bin:/home/nolitsou/bin:/usr/local/sbin:/usr/local/bin:/usr/sbin:/usr/bin:/sbin:/bin:/usr/games:/usr/local/games
10 verbose lifecycle youenn-pennarun-portfolio@0.0.0~server: CWD: /home/nolitsou/Documents/dev/portfolio
11 silly lifecycle youenn-pennarun-portfolio@0.0.0~server: Args: [ '-c', 'node server/app.js' ]
12 silly lifecycle youenn-pennarun-portfolio@0.0.0~server: Returned: code: 1  signal: null
13 info lifecycle youenn-pennarun-portfolio@0.0.0~server: Failed to exec server script
14 verbose stack Error: youenn-pennarun-portfolio@0.0.0 server: `node server/app.js`
14 verbose stack Exit status 1
14 verbose stack     at EventEmitter.<anonymous> (/usr/local/lib/node_modules/npm/lib/utils/lifecycle.js:239:16)
14 verbose stack     at emitTwo (events.js:87:13)
14 verbose stack     at EventEmitter.emit (events.js:172:7)
14 verbose stack     at ChildProcess.<anonymous> (/usr/local/lib/node_modules/npm/lib/utils/spawn.js:24:14)
14 verbose stack     at emitTwo (events.js:87:13)
14 verbose stack     at ChildProcess.emit (events.js:172:7)
14 verbose stack     at maybeClose (internal/child_process.js:817:16)
14 verbose stack     at Process.ChildProcess._handle.onexit (internal/child_process.js:211:5)
15 verbose pkgid youenn-pennarun-portfolio@0.0.0
16 verbose cwd /home/nolitsou/Documents/dev/portfolio
17 error Linux 3.13.0-37-generic
18 error argv "/usr/local/bin/node" "/usr/local/bin/npm" "run" "server"
19 error node v4.0.0
20 error npm  v3.7.2
21 error code ELIFECYCLE
22 error youenn-pennarun-portfolio@0.0.0 server: `node server/app.js`
22 error Exit status 1
23 error Failed at the youenn-pennarun-portfolio@0.0.0 server script 'node server/app.js'.
23 error Make sure you have the latest version of node.js and npm installed.
23 error If you do, this is most likely a problem with the youenn-pennarun-portfolio package,
23 error not with npm itself.
23 error Tell the author that this fails on your system:
23 error     node server/app.js
23 error You can get information on how to open an issue for this project with:
23 error     npm bugs youenn-pennarun-portfolio
23 error Or if that isn't available, you can get their info via:
23 error     npm owner ls youenn-pennarun-portfolio
23 error There is likely additional logging output above.
24 verbose exit [ 1, true ]
